<?xml version="1.0" encoding="UTF-8"?>
<testsuite xmlns:xsi="http://www.w3.org/2001/XMLSchema-instance" xsi:noNamespaceSchemaLocation="https://maven.apache.org/surefire/maven-surefire-plugin/xsd/surefire-test-report-3.0.xsd" version="3.0" name="model.TodoDaoTest" time="0.006" tests="1" errors="0" skipped="0" failures="0">
  <properties>
    <property name="awt.toolkit" value="sun.awt.X11.XToolkit"/>
    <property name="file.encoding.pkg" value="sun.io"/>
    <property name="java.specification.version" value="1.8"/>
    <property name="sun.cpu.isalist" value=""/>
    <property name="sun.jnu.encoding" value="UTF-8"/>
    <property name="java.class.path" value="/var/lib/cloudbees-jenkins-distribution/workspace/test-pipeline/app/target/test-classes:/var/lib/cloudbees-jenkins-distribution/workspace/test-pipeline/app/target/classes:/var/lib/cloudbees-jenkins-distribution/.m2/repository/com/sparkjava/spark-core/2.6.0/spark-core-2.6.0.jar:/var/lib/cloudbees-jenkins-distribution/.m2/repository/org/slf4j/slf4j-api/1.7.13/slf4j-api-1.7.13.jar:/var/lib/cloudbees-jenkins-distribution/.m2/repository/org/eclipse/jetty/jetty-server/9.4.4.v20170414/jetty-server-9.4.4.v20170414.jar:/var/lib/cloudbees-jenkins-distribution/.m2/repository/javax/servlet/javax.servlet-api/3.1.0/javax.servlet-api-3.1.0.jar:/var/lib/cloudbees-jenkins-distribution/.m2/repository/org/eclipse/jetty/jetty-http/9.4.4.v20170414/jetty-http-9.4.4.v20170414.jar:/var/lib/cloudbees-jenkins-distribution/.m2/repository/org/eclipse/jetty/jetty-util/9.4.4.v20170414/jetty-util-9.4.4.v20170414.jar:/var/lib/cloudbees-jenkins-distribution/.m2/repository/org/eclipse/jetty/jetty-io/9.4.4.v20170414/jetty-io-9.4.4.v20170414.jar:/var/lib/cloudbees-jenkins-distribution/.m2/repository/org/eclipse/jetty/jetty-webapp/9.4.4.v20170414/jetty-webapp-9.4.4.v20170414.jar:/var/lib/cloudbees-jenkins-distribution/.m2/repository/org/eclipse/jetty/jetty-xml/9.4.4.v20170414/jetty-xml-9.4.4.v20170414.jar:/var/lib/cloudbees-jenkins-distribution/.m2/repository/org/eclipse/jetty/jetty-servlet/9.4.4.v20170414/jetty-servlet-9.4.4.v20170414.jar:/var/lib/cloudbees-jenkins-distribution/.m2/repository/org/eclipse/jetty/jetty-security/9.4.4.v20170414/jetty-security-9.4.4.v20170414.jar:/var/lib/cloudbees-jenkins-distribution/.m2/repository/org/eclipse/jetty/websocket/websocket-server/9.4.4.v20170414/websocket-server-9.4.4.v20170414.jar:/var/lib/cloudbees-jenkins-distribution/.m2/repository/org/eclipse/jetty/websocket/websocket-common/9.4.4.v20170414/websocket-common-9.4.4.v20170414.jar:/var/lib/cloudbees-jenkins-distribution/.m2/repository/org/eclipse/jetty/websocket/websocket-client/9.4.4.v20170414/websocket-client-9.4.4.v20170414.jar:/var/lib/cloudbees-jenkins-distribution/.m2/repository/org/eclipse/jetty/jetty-client/9.4.4.v20170414/jetty-client-9.4.4.v20170414.jar:/var/lib/cloudbees-jenkins-distribution/.m2/repository/org/eclipse/jetty/websocket/websocket-servlet/9.4.4.v20170414/websocket-servlet-9.4.4.v20170414.jar:/var/lib/cloudbees-jenkins-distribution/.m2/repository/org/eclipse/jetty/websocket/websocket-api/9.4.4.v20170414/websocket-api-9.4.4.v20170414.jar:/var/lib/cloudbees-jenkins-distribution/.m2/repository/com/sparkjava/spark-template-handlebars/2.3/spark-template-handlebars-2.3.jar:/var/lib/cloudbees-jenkins-distribution/.m2/repository/com/github/jknack/handlebars/1.3.1/handlebars-1.3.1.jar:/var/lib/cloudbees-jenkins-distribution/.m2/repository/org/apache/commons/commons-lang3/3.1/commons-lang3-3.1.jar:/var/lib/cloudbees-jenkins-distribution/.m2/repository/org/antlr/antlr4-runtime/4.2.2/antlr4-runtime-4.2.2.jar:/var/lib/cloudbees-jenkins-distribution/.m2/repository/org/antlr/antlr4-annotations/4.2.2/antlr4-annotations-4.2.2.jar:/var/lib/cloudbees-jenkins-distribution/.m2/repository/org/mozilla/rhino/1.7R4/rhino-1.7R4.jar:/var/lib/cloudbees-jenkins-distribution/.m2/repository/com/github/jknack/handlebars-guava-cache/1.3.1/handlebars-guava-cache-1.3.1.jar:/var/lib/cloudbees-jenkins-distribution/.m2/repository/com/google/guava/guava/14.0.1/guava-14.0.1.jar:/var/lib/cloudbees-jenkins-distribution/.m2/repository/com/sparkjava/spark-template-velocity/2.3/spark-template-velocity-2.3.jar:/var/lib/cloudbees-jenkins-distribution/.m2/repository/org/apache/velocity/velocity/1.7/velocity-1.7.jar:/var/lib/cloudbees-jenkins-distribution/.m2/repository/commons-collections/commons-collections/3.2.1/commons-collections-3.2.1.jar:/var/lib/cloudbees-jenkins-distribution/.m2/repository/commons-lang/commons-lang/2.4/commons-lang-2.4.jar:/var/lib/cloudbees-jenkins-distribution/.m2/repository/org/projectlombok/lombok/1.16.8/lombok-1.16.8.jar:/var/lib/cloudbees-jenkins-distribution/.m2/repository/org/slf4j/slf4j-simple/1.7.13/slf4j-simple-1.7.13.jar:/var/lib/cloudbees-jenkins-distribution/.m2/repository/org/junit/jupiter/junit-jupiter/5.4.2/junit-jupiter-5.4.2.jar:/var/lib/cloudbees-jenkins-distribution/.m2/repository/org/junit/jupiter/junit-jupiter-api/5.4.2/junit-jupiter-api-5.4.2.jar:/var/lib/cloudbees-jenkins-distribution/.m2/repository/org/apiguardian/apiguardian-api/1.0.0/apiguardian-api-1.0.0.jar:/var/lib/cloudbees-jenkins-distribution/.m2/repository/org/opentest4j/opentest4j/1.1.1/opentest4j-1.1.1.jar:/var/lib/cloudbees-jenkins-distribution/.m2/repository/org/junit/platform/junit-platform-commons/1.4.2/junit-platform-commons-1.4.2.jar:/var/lib/cloudbees-jenkins-distribution/.m2/repository/org/junit/jupiter/junit-jupiter-params/5.4.2/junit-jupiter-params-5.4.2.jar:/var/lib/cloudbees-jenkins-distribution/.m2/repository/org/junit/jupiter/junit-jupiter-engine/5.4.2/junit-jupiter-engine-5.4.2.jar:/var/lib/cloudbees-jenkins-distribution/.m2/repository/org/junit/platform/junit-platform-engine/1.4.2/junit-platform-engine-1.4.2.jar:"/>
    <property name="java.vm.vendor" value="Private Build"/>
    <property name="sun.arch.data.model" value="64"/>
    <property name="java.vendor.url" value="http://java.oracle.com/"/>
    <property name="user.timezone" value=""/>
    <property name="java.vm.specification.version" value="1.8"/>
    <property name="os.name" value="Linux"/>
    <property name="sun.java.launcher" value="SUN_STANDARD"/>
    <property name="sun.boot.library.path" value="/usr/lib/jvm/java-8-openjdk-amd64/jre/lib/amd64"/>
    <property name="sun.java.command" value="/var/lib/cloudbees-jenkins-distribution/workspace/test-pipeline/app/target/surefire/surefirebooter7007552570351810555.jar /var/lib/cloudbees-jenkins-distribution/workspace/test-pipeline/app/target/surefire 2019-10-20T23-14-31_787-jvmRun1 surefire632365935136559749tmp surefire_07769897470430878392tmp"/>
    <property name="surefire.test.class.path" value="/var/lib/cloudbees-jenkins-distribution/workspace/test-pipeline/app/target/test-classes:/var/lib/cloudbees-jenkins-distribution/workspace/test-pipeline/app/target/classes:/var/lib/cloudbees-jenkins-distribution/.m2/repository/com/sparkjava/spark-core/2.6.0/spark-core-2.6.0.jar:/var/lib/cloudbees-jenkins-distribution/.m2/repository/org/slf4j/slf4j-api/1.7.13/slf4j-api-1.7.13.jar:/var/lib/cloudbees-jenkins-distribution/.m2/repository/org/eclipse/jetty/jetty-server/9.4.4.v20170414/jetty-server-9.4.4.v20170414.jar:/var/lib/cloudbees-jenkins-distribution/.m2/repository/javax/servlet/javax.servlet-api/3.1.0/javax.servlet-api-3.1.0.jar:/var/lib/cloudbees-jenkins-distribution/.m2/repository/org/eclipse/jetty/jetty-http/9.4.4.v20170414/jetty-http-9.4.4.v20170414.jar:/var/lib/cloudbees-jenkins-distribution/.m2/repository/org/eclipse/jetty/jetty-util/9.4.4.v20170414/jetty-util-9.4.4.v20170414.jar:/var/lib/cloudbees-jenkins-distribution/.m2/repository/org/eclipse/jetty/jetty-io/9.4.4.v20170414/jetty-io-9.4.4.v20170414.jar:/var/lib/cloudbees-jenkins-distribution/.m2/repository/org/eclipse/jetty/jetty-webapp/9.4.4.v20170414/jetty-webapp-9.4.4.v20170414.jar:/var/lib/cloudbees-jenkins-distribution/.m2/repository/org/eclipse/jetty/jetty-xml/9.4.4.v20170414/jetty-xml-9.4.4.v20170414.jar:/var/lib/cloudbees-jenkins-distribution/.m2/repository/org/eclipse/jetty/jetty-servlet/9.4.4.v20170414/jetty-servlet-9.4.4.v20170414.jar:/var/lib/cloudbees-jenkins-distribution/.m2/repository/org/eclipse/jetty/jetty-security/9.4.4.v20170414/jetty-security-9.4.4.v20170414.jar:/var/lib/cloudbees-jenkins-distribution/.m2/repository/org/eclipse/jetty/websocket/websocket-server/9.4.4.v20170414/websocket-server-9.4.4.v20170414.jar:/var/lib/cloudbees-jenkins-distribution/.m2/repository/org/eclipse/jetty/websocket/websocket-common/9.4.4.v20170414/websocket-common-9.4.4.v20170414.jar:/var/lib/cloudbees-jenkins-distribution/.m2/repository/org/eclipse/jetty/websocket/websocket-client/9.4.4.v20170414/websocket-client-9.4.4.v20170414.jar:/var/lib/cloudbees-jenkins-distribution/.m2/repository/org/eclipse/jetty/jetty-client/9.4.4.v20170414/jetty-client-9.4.4.v20170414.jar:/var/lib/cloudbees-jenkins-distribution/.m2/repository/org/eclipse/jetty/websocket/websocket-servlet/9.4.4.v20170414/websocket-servlet-9.4.4.v20170414.jar:/var/lib/cloudbees-jenkins-distribution/.m2/repository/org/eclipse/jetty/websocket/websocket-api/9.4.4.v20170414/websocket-api-9.4.4.v20170414.jar:/var/lib/cloudbees-jenkins-distribution/.m2/repository/com/sparkjava/spark-template-handlebars/2.3/spark-template-handlebars-2.3.jar:/var/lib/cloudbees-jenkins-distribution/.m2/repository/com/github/jknack/handlebars/1.3.1/handlebars-1.3.1.jar:/var/lib/cloudbees-jenkins-distribution/.m2/repository/org/apache/commons/commons-lang3/3.1/commons-lang3-3.1.jar:/var/lib/cloudbees-jenkins-distribution/.m2/repository/org/antlr/antlr4-runtime/4.2.2/antlr4-runtime-4.2.2.jar:/var/lib/cloudbees-jenkins-distribution/.m2/repository/org/antlr/antlr4-annotations/4.2.2/antlr4-annotations-4.2.2.jar:/var/lib/cloudbees-jenkins-distribution/.m2/repository/org/mozilla/rhino/1.7R4/rhino-1.7R4.jar:/var/lib/cloudbees-jenkins-distribution/.m2/repository/com/github/jknack/handlebars-guava-cache/1.3.1/handlebars-guava-cache-1.3.1.jar:/var/lib/cloudbees-jenkins-distribution/.m2/repository/com/google/guava/guava/14.0.1/guava-14.0.1.jar:/var/lib/cloudbees-jenkins-distribution/.m2/repository/com/sparkjava/spark-template-velocity/2.3/spark-template-velocity-2.3.jar:/var/lib/cloudbees-jenkins-distribution/.m2/repository/org/apache/velocity/velocity/1.7/velocity-1.7.jar:/var/lib/cloudbees-jenkins-distribution/.m2/repository/commons-collections/commons-collections/3.2.1/commons-collections-3.2.1.jar:/var/lib/cloudbees-jenkins-distribution/.m2/repository/commons-lang/commons-lang/2.4/commons-lang-2.4.jar:/var/lib/cloudbees-jenkins-distribution/.m2/repository/org/projectlombok/lombok/1.16.8/lombok-1.16.8.jar:/var/lib/cloudbees-jenkins-distribution/.m2/repository/org/slf4j/slf4j-simple/1.7.13/slf4j-simple-1.7.13.jar:/var/lib/cloudbees-jenkins-distribution/.m2/repository/org/junit/jupiter/junit-jupiter/5.4.2/junit-jupiter-5.4.2.jar:/var/lib/cloudbees-jenkins-distribution/.m2/repository/org/junit/jupiter/junit-jupiter-api/5.4.2/junit-jupiter-api-5.4.2.jar:/var/lib/cloudbees-jenkins-distribution/.m2/repository/org/apiguardian/apiguardian-api/1.0.0/apiguardian-api-1.0.0.jar:/var/lib/cloudbees-jenkins-distribution/.m2/repository/org/opentest4j/opentest4j/1.1.1/opentest4j-1.1.1.jar:/var/lib/cloudbees-jenkins-distribution/.m2/repository/org/junit/platform/junit-platform-commons/1.4.2/junit-platform-commons-1.4.2.jar:/var/lib/cloudbees-jenkins-distribution/.m2/repository/org/junit/jupiter/junit-jupiter-params/5.4.2/junit-jupiter-params-5.4.2.jar:/var/lib/cloudbees-jenkins-distribution/.m2/repository/org/junit/jupiter/junit-jupiter-engine/5.4.2/junit-jupiter-engine-5.4.2.jar:/var/lib/cloudbees-jenkins-distribution/.m2/repository/org/junit/platform/junit-platform-engine/1.4.2/junit-platform-engine-1.4.2.jar:"/>
    <property name="sun.cpu.endian" value="little"/>
    <property name="user.home" value="/var/lib/cloudbees-jenkins-distribution"/>
    <property name="user.language" value="en"/>
    <property name="java.specification.vendor" value="Oracle Corporation"/>
    <property name="java.home" value="/usr/lib/jvm/java-8-openjdk-amd64/jre"/>
    <property name="basedir" value="/var/lib/cloudbees-jenkins-distribution/workspace/test-pipeline/app"/>
    <property name="file.separator" value="/"/>
    <property name="line.separator" value="&#10;"/>
    <property name="java.vm.specification.vendor" value="Oracle Corporation"/>
    <property name="java.specification.name" value="Java Platform API Specification"/>
    <property name="java.awt.graphicsenv" value="sun.awt.X11GraphicsEnvironment"/>
    <property name="surefire.real.class.path" value="/var/lib/cloudbees-jenkins-distribution/workspace/test-pipeline/app/target/surefire/surefirebooter7007552570351810555.jar"/>
    <property name="sun.boot.class.path" value="/usr/lib/jvm/java-8-openjdk-amd64/jre/lib/resources.jar:/usr/lib/jvm/java-8-openjdk-amd64/jre/lib/rt.jar:/usr/lib/jvm/java-8-openjdk-amd64/jre/lib/sunrsasign.jar:/usr/lib/jvm/java-8-openjdk-amd64/jre/lib/jsse.jar:/usr/lib/jvm/java-8-openjdk-amd64/jre/lib/jce.jar:/usr/lib/jvm/java-8-openjdk-amd64/jre/lib/charsets.jar:/usr/lib/jvm/java-8-openjdk-amd64/jre/lib/jfr.jar:/usr/lib/jvm/java-8-openjdk-amd64/jre/classes"/>
    <property name="sun.management.compiler" value="HotSpot 64-Bit Tiered Compilers"/>
    <property name="java.runtime.version" value="1.8.0_222-8u222-b10-1ubuntu1~18.04.1-b10"/>
    <property name="user.name" value="cloudbees-jenkins-distribution"/>
    <property name="path.separator" value=":"/>
    <property name="os.version" value="4.15.0-50-generic"/>
    <property name="java.endorsed.dirs" value="/usr/lib/jvm/java-8-openjdk-amd64/jre/lib/endorsed"/>
    <property name="java.runtime.name" value="OpenJDK Runtime Environment"/>
    <property name="file.encoding" value="UTF-8"/>
    <property name="java.vm.name" value="OpenJDK 64-Bit Server VM"/>
    <property name="localRepository" value="/var/lib/cloudbees-jenkins-distribution/.m2/repository"/>
    <property name="java.vendor.url.bug" value="http://bugreport.sun.com/bugreport/"/>
    <property name="java.io.tmpdir" value="/tmp"/>
    <property name="java.version" value="1.8.0_222"/>
    <property name="user.dir" value="/var/lib/cloudbees-jenkins-distribution/workspace/test-pipeline/app"/>
    <property name="os.arch" value="amd64"/>
    <property name="java.vm.specification.name" value="Java Virtual Machine Specification"/>
    <property name="java.awt.printerjob" value="sun.print.PSPrinterJob"/>
    <property name="sun.os.patch.level" value="unknown"/>
    <property name="java.library.path" value="/usr/java/packages/lib/amd64:/usr/lib/x86_64-linux-gnu/jni:/lib/x86_64-linux-gnu:/usr/lib/x86_64-linux-gnu:/usr/lib/jni:/lib:/usr/lib"/>
    <property name="java.vm.info" value="mixed mode"/>
    <property name="java.vendor" value="Private Build"/>
    <property name="java.vm.version" value="25.222-b10"/>
    <property name="java.ext.dirs" value="/usr/lib/jvm/java-8-openjdk-amd64/jre/lib/ext:/usr/java/packages/lib/ext"/>
    <property name="sun.io.unicode.encoding" value="UnicodeLittle"/>
    <property name="java.class.version" value="52.0"/>
  </properties>
  <testcase name="newTodoCanBeAdded" classname="model.TodoDaoTest" time="0"/>
</testsuite>